WARNING: This is a development server. Do not use it in a production deployment. Use a production WSGI server instead.
 * Running on http://127.0.0.1:5000
Press CTRL+C to quit
 * Restarting with stat
 * Debugger is active!
 * Debugger PIN: 126-110-189
127.0.0.1 - - [01/Apr/2025 20:48:39] "GET / HTTP/1.0" 200 -
127.0.0.1 - - [01/Apr/2025 20:49:26] "GET / HTTP/1.0" 200 -
127.0.0.1 - - [01/Apr/2025 20:49:39] "GET /page/36?sort_type=english_asc HTTP/1.0" 200 -
 * Detected change in 'C:\\Users\\admin\\Desktop\\ArtificialIntelligence\\ted\\test_single_pdf_from_db.py', reloading
 * Restarting with stat
 * Debugger is active!
 * Debugger PIN: 126-110-189
 * Detected change in 'C:\\Users\\admin\\Desktop\\ArtificialIntelligence\\ted\\test_single_pdf_from_db.py', reloading
 * Restarting with stat
 * Debugger is active!
 * Debugger PIN: 126-110-189
 * Detected change in 'C:\\Users\\admin\\Desktop\\ArtificialIntelligence\\ted\\test_single_pdf_from_db.py', reloading
 * Restarting with stat
 * Debugger is active!
 * Debugger PIN: 126-110-189
 * Detected change in 'C:\\Users\\admin\\Desktop\\ArtificialIntelligence\\ted\\test_single_pdf_from_db.py', reloading
 * Restarting with stat
 * Debugger is active!
 * Debugger PIN: 126-110-189
