2025-04-01 18:52:25,619 - INFO - package: mysql.connector.plugins
2025-04-01 18:52:25,621 - INFO - plugin_name: caching_sha2_password
2025-04-01 18:52:25,621 - INFO - AUTHENTICATION_PLUGIN_CLASS: MySQLCachingSHA2PasswordAuthPlugin
2025-04-01 18:52:25,624 - INFO - package: mysql.connector.plugins
2025-04-01 18:52:25,624 - INFO - plugin_name: mysql_native_password
2025-04-01 18:52:25,629 - INFO - AUTHENTICATION_PLUGIN_CLASS: MySQLNativePasswordAuthPlugin
2025-04-01 18:55:38,950 - INFO - package: mysql.connector.plugins
2025-04-01 18:55:38,953 - INFO - plugin_name: caching_sha2_password
2025-04-01 18:55:38,953 - INFO - AUTHENTICATION_PLUGIN_CLASS: MySQLCachingSHA2PasswordAuthPlugin
2025-04-01 18:55:38,954 - INFO - package: mysql.connector.plugins
2025-04-01 18:55:38,955 - INFO - plugin_name: mysql_native_password
2025-04-01 18:55:38,958 - INFO - AUTHENTICATION_PLUGIN_CLASS: MySQLNativePasswordAuthPlugin
2025-04-01 19:06:14,096 - INFO - package: mysql.connector.plugins
2025-04-01 19:06:14,099 - INFO - plugin_name: caching_sha2_password
2025-04-01 19:06:14,099 - INFO - AUTHENTICATION_PLUGIN_CLASS: MySQLCachingSHA2PasswordAuthPlugin
2025-04-01 19:06:14,100 - INFO - package: mysql.connector.plugins
2025-04-01 19:06:14,100 - INFO - plugin_name: mysql_native_password
2025-04-01 19:06:14,105 - INFO - AUTHENTICATION_PLUGIN_CLASS: MySQLNativePasswordAuthPlugin
2025-04-01 20:53:14,066 - WARNING - ±‡¬Î¥¶¿Ì¥ÌŒÛ: 'latin-1' codec can't encode characters in position 3-6: ordinal not in range(256)
2025-04-01 20:53:14,398 - WARNING - ±‡¬Î¥¶¿Ì¥ÌŒÛ: 'latin-1' codec can't encode characters in position 95-108: ordinal not in range(256)
2025-04-01 20:53:14,744 - WARNING - ±‡¬Î¥¶¿Ì¥ÌŒÛ: 'latin-1' codec can't encode characters in position 9-10: ordinal not in range(256)
2025-04-01 20:53:15,198 - WARNING - ±‡¬Î¥¶¿Ì¥ÌŒÛ: 'latin-1' codec can't encode characters in position 39-51: ordinal not in range(256)
2025-04-01 20:53:15,581 - WARNING - ±‡¬Î¥¶¿Ì¥ÌŒÛ: 'latin-1' codec can't encode characters in position 8-9: ordinal not in range(256)
2025-04-01 20:53:15,825 - WARNING - ±‡¬Î¥¶¿Ì¥ÌŒÛ: 'latin-1' codec can't encode characters in position 150-171: ordinal not in range(256)
