2025-04-17 19:49:46.007201: AjaMonetandPhillipAgnew_2018W[阿贾_莫奈&菲利普_阿格纽][爱情故事_当艺术作为组织本身时的魔力] - name 'time' is not defined
2025-04-17 19:52:36.089990: AlaindeBotton_2011G[阿兰_德波顿][无神论_2_0] - name 'time' is not defined
2025-04-17 19:55:18.981815: AlastairGray_2017S[艾尔拉斯塔_葛雷][仿冒手提包如何资助恐怖主义和组织性犯罪] - name 'time' is not defined
2025-04-17 19:57:31.886161: AlexaMeade_2013G[alexa_meade][你的身体即我的画布] - name 'time' is not defined
2025-04-17 19:59:20.524231: AlexGendler_FlightSpeed_2020E[艾力克斯詹德勒][为什么现在的飞机比以前慢] - name 'time' is not defined
2025-04-18 17:42:46.620343: AditiShankardass_2009I[aditi_shankardass][关于学习障碍的思考] - Unread result found
2025-04-18 17:42:46.669760: AdongJudith_2017G[阿东_朱迪思][我如何用艺术来弥合误解] - Unread result found
2025-04-18 17:42:46.844919: AdoraSvitak_2010[邹奇奇][大人能从小孩身上学到什么] - Unread result found
2025-04-18 17:42:47.107205: AfraRaymond_2012X[阿法_雷蒙德][关于贪腐的三个迷思] - Unread result found
2025-04-18 17:42:47.158998: AgnesBinagwaho_2019W[艾格尼丝_比纳格瓦赫][女性是如何在卢旺达掀起革命的] - Unread result found
2025-04-18 17:42:47.370143: AimeeMullins_1998[艾米_穆林斯][谈跑步] - Unread result found
2025-04-18 17:42:47.533841: AimeeMullins_2009P[艾米_慕林斯][逆境带来机遇] - Unread result found
2025-04-18 17:42:47.942535: AimeeMullins_2009U[艾美_穆琳斯][艾美_穆琳斯和她的十二双义腿] - Unread result found
2025-04-18 17:42:48.219762: AjaMonetandPhillipAgnew_2018W[阿贾_莫奈&菲利普_阿格纽][爱情故事_当艺术作为组织本身时的魔力] - Unread result found
2025-04-18 17:42:48.353048: AjitNarayanan_2013[阿吉特_纳拉亚南][一个能用任何语言交流的文字游戏] - Unread result found
2025-04-18 17:42:49.097017: AJJacobsSTBI_2019V[a_j_雅各布][咖啡杯盖的进化史] - Unread result found
2025-04-18 17:42:49.211296: AJJacobs_2007P[a_j_jacobs][依照圣经指导原则生活的一年] - Unread result found
2025-04-18 17:42:49.502560: AJJacobs_2011P[a_j_雅各布斯][为什么健康的生活方式几乎把我害死] - Unread result found
2025-04-18 17:42:49.551545: AJJacobs_2014A[aj_雅各][世界最大的家族聚会_我们都被邀请了] - Unread result found
2025-04-18 17:42:49.610681: AJJacobs_2018S[亚克柏斯][我踏上了一段旅程_去感谢让我早上能喝到一杯咖啡的人] - Unread result found
2025-04-18 17:42:49.666087: AkashManoj_2018Y[安喀什_曼诺][能够检测隐性心脏病的救命设备] - Unread result found
2025-04-18 17:42:49.816794: AlaaMurabit_2015W[阿拉_穆拉比特][关于女性_伊斯兰教到底是怎样说的] - Unread result found
2025-04-18 17:42:49.991233: AlaindeBotton_2009G[阿兰_德波顿][温和的成功哲学] - Unread result found
2025-04-18 17:42:50.062952: AlaindeBotton_2011G[阿兰_德波顿][无神论_2_0] - Unread result found
2025-04-18 17:42:50.194851: AlanCrickmore_2018X[艾伦_柯里克摩尔][讲故事_如何协助监狱中的父母和他们的孩子连结] - Unread result found
2025-04-18 17:42:50.386496: AlanEustace_2015[艾伦_尤斯特斯][我是怎样穿越平流层的] - Unread result found
2025-04-18 17:42:50.431657: AlanKay_2007[艾伦_凯][非凡创见] - Unread result found
2025-04-18 17:42:50.575265: AlannaShaikh_2012G[阿兰娜_莎客][我如何准备老年痴呆的到来] - Unread result found
2025-04-18 17:42:50.771068: AlannaShaikh_2020X[阿兰娜_谢赫][我们为什么正遭受新冠病毒重击_以及应该如何为下个疾病爆发做准备] - Unread result found
2025-04-18 17:42:50.909344: AlanRussell_2006[艾伦_罗素][人体的再生] - Unread result found
2025-04-18 17:42:50.950363: AlanSiegel_2010[艾伦_西格尔][让我们一起来简化法律术语] - Unread result found
2025-04-18 17:42:51.137406: AlanSmith_2016X[亚伦_史密斯][为什么你会爱上统计] - Unread result found
2025-04-18 17:42:51.193300: AlasdairHarris_2019S[阿拉斯代尔_哈里斯][几个渔村如何引发海洋保护革命] - Unread result found
2025-04-18 17:42:51.284403: AlastairGray_2017S[艾尔拉斯塔_葛雷][仿冒手提包如何资助恐怖主义和组织性犯罪] - Unread result found
2025-04-18 17:42:51.446902: AlastairParvin_2013[阿拉斯泰尔_帕尔文][以人为本的建筑] - Unread result found
2025-04-18 17:42:51.639110: AlbertLaszloBarabasi_2019X[阿尔伯特_拉兹洛_巴拉巴斯][年纪和成功几率的真正联系] - Unread result found
2025-04-18 17:42:51.689272: AlbertoCairo_2011X[埃尔伯特_凯尔罗][人无残人] - Unread result found
2025-04-18 17:42:51.765115: AlecSoth_2015[alec_soth_+_stacey_baker][不朽的爱情是这样的] - Unread result found
2025-04-18 17:42:51.984864: AlejandroAlvarado_2016X[亚历杭德罗_桑切斯_阿尔瓦拉多][研究新物种_解决老问题] - Unread result found
2025-04-18 17:42:52.066776: AlejandroAravena_2014G[亚历山大_阿拉维那][我的建筑哲学_让社区参与设计过程] - Unread result found
2025-04-18 17:42:52.165607: AlejandroDuran_2019S[alejandro_durán][我如何用艺术应对海洋中的塑料污染] - Unread result found
2025-04-18 17:42:52.772819: AlessandraOrofino_2014G[亚历山德拉_奥罗菲诺][这是我们的城市_让我们来修复它] - Unread result found
2025-04-18 17:42:52.865035: AlessandroAcquisti_2013G[亚历山德罗_艾奎斯提][为什么个人隐私如此重要] - Unread result found
2025-04-18 17:42:52.909872: AlexaMeade_2013G[alexa_meade][你的身体即我的画布] - Unread result found
2025-04-18 17:42:53.081637: AlexanderBelcredi_2018S[亚历山大_贝尔克雷迪][一种被遗忘已久的病毒将如何帮我们解决抗生素危机] - Unread result found
2025-04-18 17:42:53.166188: AlexanderBetts_2016[埃里克斯兰大_贝兹][修复崩溃的难民处置体系的方法] - Unread result found
2025-04-18 17:42:53.399668: AlexanderTsiaras_2010P[亚历山大_席亚拉][自受孕至出生_可视化] - Unread result found
2025-04-18 17:42:53.462387: AlexanderWagner_2016X[亚历山大_华格纳][什么真正地激励人在企業里诚实行事] - Unread result found
2025-04-18 17:42:53.559278: AlexandraAuer_2019X[亚历山德拉_欧尔][一堵墙所带来的无形影响] - Unread result found
2025-04-18 17:42:53.695108: AlexandraSacks_2018S[亚历山大_赛克斯][以新的角度思考从女人到母亲的转变] - Unread result found
2025-04-18 17:42:53.764580: AlexEdmans_2017X[亚历克斯_爱德蒙斯][在后真相的世界里该相信什么] - Unread result found
2025-04-18 17:42:53.825188: AlexGendler_BurjKhalifa_2020E[艾力克斯詹德勒][世界上最高的摩天大楼是如何建造出来的] - Unread result found
2025-04-18 17:42:54.007588: AlexGendler_CiticorpTower_2020E[艾力克斯詹德勒][一个设计瑕疵差一点害一栋摩天大楼倒塌] - Unread result found
2025-04-18 17:42:54.097151: AlexGendler_FlightSpeed_2020E[艾力克斯詹德勒][为什么现在的飞机比以前慢] - Unread result found
2025-04-18 17:59:07.440445: AditiShankardass_2009I[aditi_shankardass][关于学习障碍的思考] - Unread result found
2025-04-18 17:59:07.668199: AdongJudith_2017G[阿东_朱迪思][我如何用艺术来弥合误解] - Unread result found
2025-04-18 17:59:07.864032: AdoraSvitak_2010[邹奇奇][大人能从小孩身上学到什么] - Unread result found
2025-04-18 17:59:08.083123: AfraRaymond_2012X[阿法_雷蒙德][关于贪腐的三个迷思] - Unread result found
2025-04-18 17:59:08.144201: AgnesBinagwaho_2019W[艾格尼丝_比纳格瓦赫][女性是如何在卢旺达掀起革命的] - Unread result found
2025-04-18 17:59:08.199629: AimeeMullins_1998[艾米_穆林斯][谈跑步] - Unread result found
2025-04-18 17:59:08.266849: AimeeMullins_2009P[艾米_慕林斯][逆境带来机遇] - Unread result found
2025-04-18 17:59:08.304054: AimeeMullins_2009U[艾美_穆琳斯][艾美_穆琳斯和她的十二双义腿] - Unread result found
2025-04-18 17:59:08.490587: AjaMonetandPhillipAgnew_2018W[阿贾_莫奈&菲利普_阿格纽][爱情故事_当艺术作为组织本身时的魔力] - Unread result found
2025-04-18 17:59:08.707401: AjitNarayanan_2013[阿吉特_纳拉亚南][一个能用任何语言交流的文字游戏] - Unread result found
2025-04-18 17:59:08.759761: AJJacobsSTBI_2019V[a_j_雅各布][咖啡杯盖的进化史] - Unread result found
2025-04-18 17:59:09.058684: AJJacobs_2007P[a_j_jacobs][依照圣经指导原则生活的一年] - Unread result found
2025-04-18 17:59:09.136588: AJJacobs_2011P[a_j_雅各布斯][为什么健康的生活方式几乎把我害死] - Unread result found
2025-04-18 17:59:09.285529: AJJacobs_2014A[aj_雅各][世界最大的家族聚会_我们都被邀请了] - Unread result found
2025-04-18 17:59:09.323227: AJJacobs_2018S[亚克柏斯][我踏上了一段旅程_去感谢让我早上能喝到一杯咖啡的人] - Unread result found
2025-04-18 17:59:09.869981: AkashManoj_2018Y[安喀什_曼诺][能够检测隐性心脏病的救命设备] - Unread result found
2025-04-18 17:59:09.939256: AlaaMurabit_2015W[阿拉_穆拉比特][关于女性_伊斯兰教到底是怎样说的] - Unread result found
2025-04-18 17:59:10.137755: AlaindeBotton_2009G[阿兰_德波顿][温和的成功哲学] - Unread result found
2025-04-18 17:59:10.186110: AlaindeBotton_2011G[阿兰_德波顿][无神论_2_0] - Unread result found
2025-04-18 17:59:10.441557: AlanCrickmore_2018X[艾伦_柯里克摩尔][讲故事_如何协助监狱中的父母和他们的孩子连结] - Unread result found
2025-04-18 17:59:10.654465: AlanEustace_2015[艾伦_尤斯特斯][我是怎样穿越平流层的] - Unread result found
2025-04-18 17:59:10.866228: AlanKay_2007[艾伦_凯][非凡创见] - Unread result found
2025-04-18 17:59:11.025758: AlannaShaikh_2012G[阿兰娜_莎客][我如何准备老年痴呆的到来] - Unread result found
2025-04-18 17:59:11.125867: AlannaShaikh_2020X[阿兰娜_谢赫][我们为什么正遭受新冠病毒重击_以及应该如何为下个疾病爆发做准备] - Unread result found
2025-04-18 17:59:11.191588: AlanRussell_2006[艾伦_罗素][人体的再生] - Unread result found
2025-04-18 17:59:11.396850: AlanSiegel_2010[艾伦_西格尔][让我们一起来简化法律术语] - Unread result found
2025-04-18 17:59:11.484186: AlanSmith_2016X[亚伦_史密斯][为什么你会爱上统计] - Unread result found
2025-04-18 17:59:11.537127: AlasdairHarris_2019S[阿拉斯代尔_哈里斯][几个渔村如何引发海洋保护革命] - Unread result found
2025-04-18 17:59:11.613827: AlastairGray_2017S[艾尔拉斯塔_葛雷][仿冒手提包如何资助恐怖主义和组织性犯罪] - Unread result found
2025-04-18 17:59:11.748112: AlastairParvin_2013[阿拉斯泰尔_帕尔文][以人为本的建筑] - Unread result found
2025-04-18 17:59:11.788344: AlbertLaszloBarabasi_2019X[阿尔伯特_拉兹洛_巴拉巴斯][年纪和成功几率的真正联系] - Unread result found
2025-04-18 17:59:11.816358: AlbertoCairo_2011X[埃尔伯特_凯尔罗][人无残人] - Unread result found
2025-04-18 17:59:12.020224: AlecSoth_2015[alec_soth_+_stacey_baker][不朽的爱情是这样的] - Unread result found
2025-04-18 17:59:12.105060: AlejandroAlvarado_2016X[亚历杭德罗_桑切斯_阿尔瓦拉多][研究新物种_解决老问题] - Unread result found
2025-04-18 18:16:11.689683: AditiShankardass_2009I[aditi_shankardass][关于学习障碍的思考] - Unread result found
2025-04-18 18:16:11.734704: AdongJudith_2017G[阿东_朱迪思][我如何用艺术来弥合误解] - Unread result found
2025-04-18 18:16:11.816862: AdoraSvitak_2010[邹奇奇][大人能从小孩身上学到什么] - Unread result found
2025-04-18 18:16:12.045081: AfraRaymond_2012X[阿法_雷蒙德][关于贪腐的三个迷思] - Unread result found
2025-04-18 18:16:12.133671: AgnesBinagwaho_2019W[艾格尼丝_比纳格瓦赫][女性是如何在卢旺达掀起革命的] - Unread result found
2025-04-18 18:16:12.177553: AimeeMullins_1998[艾米_穆林斯][谈跑步] - Unread result found
2025-04-18 18:16:12.236329: AimeeMullins_2009P[艾米_慕林斯][逆境带来机遇] - Unread result found
2025-04-18 18:16:12.409264: AimeeMullins_2009U[艾美_穆琳斯][艾美_穆琳斯和她的十二双义腿] - Unread result found
2025-04-18 18:16:12.445970: AjaMonetandPhillipAgnew_2018W[阿贾_莫奈&菲利普_阿格纽][爱情故事_当艺术作为组织本身时的魔力] - Unread result found
2025-04-18 18:16:12.560450: AjitNarayanan_2013[阿吉特_纳拉亚南][一个能用任何语言交流的文字游戏] - Unread result found
2025-04-18 18:16:12.753731: AJJacobsSTBI_2019V[a_j_雅各布][咖啡杯盖的进化史] - Unread result found
2025-04-18 18:16:12.800968: AJJacobs_2007P[a_j_jacobs][依照圣经指导原则生活的一年] - Unread result found
2025-04-18 18:16:12.979491: AJJacobs_2011P[a_j_雅各布斯][为什么健康的生活方式几乎把我害死] - Unread result found
2025-04-18 18:16:13.023482: AJJacobs_2014A[aj_雅各][世界最大的家族聚会_我们都被邀请了] - Unread result found
2025-04-18 18:16:13.075974: AJJacobs_2018S[亚克柏斯][我踏上了一段旅程_去感谢让我早上能喝到一杯咖啡的人] - Unread result found
2025-04-18 18:16:13.194368: AkashManoj_2018Y[安喀什_曼诺][能够检测隐性心脏病的救命设备] - Unread result found
2025-04-18 18:16:13.220523: AlaaMurabit_2015W[阿拉_穆拉比特][关于女性_伊斯兰教到底是怎样说的] - Unread result found
2025-04-18 18:16:13.546340: AlaindeBotton_2009G[阿兰_德波顿][温和的成功哲学] - Unread result found
2025-04-18 18:16:13.670165: AlaindeBotton_2011G[阿兰_德波顿][无神论_2_0] - Unread result found
2025-04-18 18:16:13.710900: AlanCrickmore_2018X[艾伦_柯里克摩尔][讲故事_如何协助监狱中的父母和他们的孩子连结] - Unread result found
2025-04-18 18:16:13.861099: AlanEustace_2015[艾伦_尤斯特斯][我是怎样穿越平流层的] - Unread result found
2025-04-18 18:16:14.041239: AlanKay_2007[艾伦_凯][非凡创见] - Unread result found
2025-04-18 18:16:14.077897: AlannaShaikh_2012G[阿兰娜_莎客][我如何准备老年痴呆的到来] - Unread result found
2025-04-18 18:16:14.123102: AlannaShaikh_2020X[阿兰娜_谢赫][我们为什么正遭受新冠病毒重击_以及应该如何为下个疾病爆发做准备] - Unread result found
2025-04-18 18:16:14.170483: AlanRussell_2006[艾伦_罗素][人体的再生] - Unread result found
2025-04-18 18:16:14.197007: AlanSiegel_2010[艾伦_西格尔][让我们一起来简化法律术语] - Unread result found
2025-04-18 18:16:14.570279: AlanSmith_2016X[亚伦_史密斯][为什么你会爱上统计] - Unread result found
2025-04-18 18:16:14.630443: AlasdairHarris_2019S[阿拉斯代尔_哈里斯][几个渔村如何引发海洋保护革命] - Unread result found
2025-04-18 18:16:14.680250: AlastairGray_2017S[艾尔拉斯塔_葛雷][仿冒手提包如何资助恐怖主义和组织性犯罪] - Unread result found
2025-04-18 18:16:14.723119: AlastairParvin_2013[阿拉斯泰尔_帕尔文][以人为本的建筑] - Unread result found
2025-04-18 18:16:15.015766: AlbertLaszloBarabasi_2019X[阿尔伯特_拉兹洛_巴拉巴斯][年纪和成功几率的真正联系] - Unread result found
2025-04-18 18:16:15.085283: AlbertoCairo_2011X[埃尔伯特_凯尔罗][人无残人] - Unread result found
2025-04-18 18:16:15.191626: AlecSoth_2015[alec_soth_+_stacey_baker][不朽的爱情是这样的] - Unread result found
2025-04-18 18:16:15.285760: AlejandroAlvarado_2016X[亚历杭德罗_桑切斯_阿尔瓦拉多][研究新物种_解决老问题] - Unread result found
2025-04-18 18:16:15.321756: AlejandroAravena_2014G[亚历山大_阿拉维那][我的建筑哲学_让社区参与设计过程] - Unread result found
2025-04-18 18:16:15.412266: AlejandroDuran_2019S[alejandro_durán][我如何用艺术应对海洋中的塑料污染] - Unread result found
2025-04-18 18:16:15.456763: AlessandraOrofino_2014G[亚历山德拉_奥罗菲诺][这是我们的城市_让我们来修复它] - Unread result found
2025-04-18 18:16:15.584300: AlessandroAcquisti_2013G[亚历山德罗_艾奎斯提][为什么个人隐私如此重要] - Unread result found
2025-04-18 18:16:15.721271: AlexaMeade_2013G[alexa_meade][你的身体即我的画布] - Unread result found
2025-04-18 18:16:15.917123: AlexanderBelcredi_2018S[亚历山大_贝尔克雷迪][一种被遗忘已久的病毒将如何帮我们解决抗生素危机] - Unread result found
2025-04-18 18:16:15.966424: AlexanderBetts_2016[埃里克斯兰大_贝兹][修复崩溃的难民处置体系的方法] - Unread result found
2025-04-18 18:16:16.162451: AlexanderTsiaras_2010P[亚历山大_席亚拉][自受孕至出生_可视化] - Unread result found
2025-04-18 18:16:16.197195: AlexanderWagner_2016X[亚历山大_华格纳][什么真正地激励人在企業里诚实行事] - Unread result found
2025-04-18 18:16:16.296504: AlexandraAuer_2019X[亚历山德拉_欧尔][一堵墙所带来的无形影响] - Unread result found
2025-04-18 18:16:16.392452: AlexandraSacks_2018S[亚历山大_赛克斯][以新的角度思考从女人到母亲的转变] - Unread result found
2025-04-18 18:16:16.439909: AlexEdmans_2017X[亚历克斯_爱德蒙斯][在后真相的世界里该相信什么] - Unread result found
2025-04-18 18:16:16.533933: AlexGendler_BurjKhalifa_2020E[艾力克斯詹德勒][世界上最高的摩天大楼是如何建造出来的] - Unread result found
2025-04-18 18:16:16.569382: AlexGendler_CiticorpTower_2020E[艾力克斯詹德勒][一个设计瑕疵差一点害一栋摩天大楼倒塌] - Unread result found
2025-04-18 18:16:16.632800: AlexGendler_FlightSpeed_2020E[艾力克斯詹德勒][为什么现在的飞机比以前慢] - Unread result found
2025-04-18 18:16:21.734048: AdongJudith_2017G[阿东_朱迪思][我如何用艺术来弥合误解] - Unread result found
2025-04-18 18:16:21.841257: AdoraSvitak_2010[邹奇奇][大人能从小孩身上学到什么] - Unread result found
2025-04-18 18:16:21.958800: AfraRaymond_2012X[阿法_雷蒙德][关于贪腐的三个迷思] - Unread result found
2025-04-18 18:16:22.033500: AgnesBinagwaho_2019W[艾格尼丝_比纳格瓦赫][女性是如何在卢旺达掀起革命的] - Unread result found
2025-04-18 18:16:22.091831: AimeeMullins_1998[艾米_穆林斯][谈跑步] - Unread result found
2025-04-18 18:16:22.295500: AimeeMullins_2009P[艾米_慕林斯][逆境带来机遇] - Unread result found
2025-04-18 18:16:22.326283: AimeeMullins_2009U[艾美_穆琳斯][艾美_穆琳斯和她的十二双义腿] - Unread result found
2025-04-18 18:16:22.363272: AjaMonetandPhillipAgnew_2018W[阿贾_莫奈&菲利普_阿格纽][爱情故事_当艺术作为组织本身时的魔力] - Unread result found
2025-04-18 18:16:22.550915: AjitNarayanan_2013[阿吉特_纳拉亚南][一个能用任何语言交流的文字游戏] - Unread result found
2025-04-18 18:16:22.594947: AJJacobsSTBI_2019V[a_j_雅各布][咖啡杯盖的进化史] - Unread result found
2025-04-18 18:16:22.619370: AJJacobs_2007P[a_j_jacobs][依照圣经指导原则生活的一年] - Unread result found
2025-04-18 18:16:22.691955: AJJacobs_2011P[a_j_雅各布斯][为什么健康的生活方式几乎把我害死] - Unread result found
2025-04-18 18:16:22.726771: AJJacobs_2014A[aj_雅各][世界最大的家族聚会_我们都被邀请了] - Unread result found
2025-04-18 18:16:22.908942: AJJacobs_2018S[亚克柏斯][我踏上了一段旅程_去感谢让我早上能喝到一杯咖啡的人] - Unread result found
2025-04-18 18:16:22.978388: AkashManoj_2018Y[安喀什_曼诺][能够检测隐性心脏病的救命设备] - Unread result found
2025-04-18 18:16:23.058628: AlaaMurabit_2015W[阿拉_穆拉比特][关于女性_伊斯兰教到底是怎样说的] - Unread result found
2025-04-18 18:16:23.184126: AlaindeBotton_2009G[阿兰_德波顿][温和的成功哲学] - Unread result found
2025-04-18 18:16:23.219934: AlaindeBotton_2011G[阿兰_德波顿][无神论_2_0] - Unread result found
2025-04-18 18:16:23.273645: AlanCrickmore_2018X[艾伦_柯里克摩尔][讲故事_如何协助监狱中的父母和他们的孩子连结] - Unread result found
2025-04-18 18:16:23.313664: AlanEustace_2015[艾伦_尤斯特斯][我是怎样穿越平流层的] - Unread result found
2025-04-18 18:16:23.363498: AlanKay_2007[艾伦_凯][非凡创见] - Unread result found
2025-04-18 18:16:23.547379: AlannaShaikh_2012G[阿兰娜_莎客][我如何准备老年痴呆的到来] - Unread result found
2025-04-18 18:16:23.610455: AlannaShaikh_2020X[阿兰娜_谢赫][我们为什么正遭受新冠病毒重击_以及应该如何为下个疾病爆发做准备] - Unread result found
2025-04-18 18:16:23.703418: AlanRussell_2006[艾伦_罗素][人体的再生] - Unread result found
2025-04-18 18:16:23.735262: AlanSiegel_2010[艾伦_西格尔][让我们一起来简化法律术语] - Unread result found
2025-04-18 18:16:23.872763: AlanSmith_2016X[亚伦_史密斯][为什么你会爱上统计] - Unread result found
2025-04-18 18:16:23.959096: AlasdairHarris_2019S[阿拉斯代尔_哈里斯][几个渔村如何引发海洋保护革命] - Unread result found
2025-04-18 18:16:23.986381: AlastairGray_2017S[艾尔拉斯塔_葛雷][仿冒手提包如何资助恐怖主义和组织性犯罪] - Unread result found
2025-04-18 18:16:24.046189: AlastairParvin_2013[阿拉斯泰尔_帕尔文][以人为本的建筑] - Unread result found
2025-04-18 18:16:24.084624: AlbertLaszloBarabasi_2019X[阿尔伯特_拉兹洛_巴拉巴斯][年纪和成功几率的真正联系] - Unread result found
2025-04-18 18:16:24.168945: AlbertoCairo_2011X[埃尔伯特_凯尔罗][人无残人] - Unread result found
2025-04-18 18:16:24.375750: AlecSoth_2015[alec_soth_+_stacey_baker][不朽的爱情是这样的] - Unread result found
2025-04-18 18:16:24.454902: AlejandroAlvarado_2016X[亚历杭德罗_桑切斯_阿尔瓦拉多][研究新物种_解决老问题] - Unread result found
2025-04-18 18:16:24.495481: AlejandroAravena_2014G[亚历山大_阿拉维那][我的建筑哲学_让社区参与设计过程] - Unread result found
2025-04-18 18:16:24.593614: AlejandroDuran_2019S[alejandro_durán][我如何用艺术应对海洋中的塑料污染] - Unread result found
2025-04-18 18:16:24.697178: AlessandraOrofino_2014G[亚历山德拉_奥罗菲诺][这是我们的城市_让我们来修复它] - Unread result found
2025-04-18 18:16:24.798303: AlessandroAcquisti_2013G[亚历山德罗_艾奎斯提][为什么个人隐私如此重要] - Unread result found
2025-04-18 18:16:24.864160: AlexaMeade_2013G[alexa_meade][你的身体即我的画布] - Unread result found
2025-04-18 18:16:24.973177: AlexanderBelcredi_2018S[亚历山大_贝尔克雷迪][一种被遗忘已久的病毒将如何帮我们解决抗生素危机] - Unread result found
2025-04-18 18:16:25.049563: AlexanderBetts_2016[埃里克斯兰大_贝兹][修复崩溃的难民处置体系的方法] - Unread result found
2025-04-18 18:16:25.076654: AlexanderTsiaras_2010P[亚历山大_席亚拉][自受孕至出生_可视化] - Unread result found
2025-04-18 18:16:25.112729: AlexanderWagner_2016X[亚历山大_华格纳][什么真正地激励人在企業里诚实行事] - Unread result found
2025-04-18 18:16:25.221736: AlexandraAuer_2019X[亚历山德拉_欧尔][一堵墙所带来的无形影响] - Unread result found
2025-04-18 18:16:25.298034: AlexandraSacks_2018S[亚历山大_赛克斯][以新的角度思考从女人到母亲的转变] - Unread result found
2025-04-18 18:16:25.381341: AlexEdmans_2017X[亚历克斯_爱德蒙斯][在后真相的世界里该相信什么] - Unread result found
2025-04-18 18:16:25.463830: AlexGendler_BurjKhalifa_2020E[艾力克斯詹德勒][世界上最高的摩天大楼是如何建造出来的] - Unread result found
2025-04-18 18:16:25.508286: AlexGendler_CiticorpTower_2020E[艾力克斯詹德勒][一个设计瑕疵差一点害一栋摩天大楼倒塌] - Unread result found
2025-04-18 18:16:25.560593: AlexGendler_FlightSpeed_2020E[艾力克斯詹德勒][为什么现在的飞机比以前慢] - Unread result found
2025-04-18 18:16:25.602387: AlexGendler_Sunspots_2021E[阿列克斯_詹德勒][凝视太阳的女人] - Unread result found
2025-04-18 18:50:00.749764: AditiShankardass_2009I[aditi_shankardass][关于学习障碍的思考] - Unread result found
2025-04-18 18:50:00.778131: AdongJudith_2017G[阿东_朱迪思][我如何用艺术来弥合误解] - Unread result found
2025-04-18 18:50:00.968809: AdoraSvitak_2010[邹奇奇][大人能从小孩身上学到什么] - Unread result found
2025-04-18 18:50:01.004259: AfraRaymond_2012X[阿法_雷蒙德][关于贪腐的三个迷思] - Unread result found
2025-04-18 18:50:01.059673: AgnesBinagwaho_2019W[艾格尼丝_比纳格瓦赫][女性是如何在卢旺达掀起革命的] - Unread result found
2025-04-18 18:50:01.133707: AimeeMullins_1998[艾米_穆林斯][谈跑步] - Unread result found
2025-04-18 18:50:01.254040: AimeeMullins_2009P[艾米_慕林斯][逆境带来机遇] - Unread result found
2025-04-18 18:50:01.591961: AimeeMullins_2009U[艾美_穆琳斯][艾美_穆琳斯和她的十二双义腿] - Unread result found
2025-04-18 18:50:02.018646: AjaMonetandPhillipAgnew_2018W[阿贾_莫奈&菲利普_阿格纽][爱情故事_当艺术作为组织本身时的魔力] - Unread result found
2025-04-18 18:50:02.213624: AjitNarayanan_2013[阿吉特_纳拉亚南][一个能用任何语言交流的文字游戏] - Unread result found
2025-04-18 18:50:02.243567: AJJacobsSTBI_2019V[a_j_雅各布][咖啡杯盖的进化史] - Unread result found
2025-04-18 18:50:02.274416: AJJacobs_2007P[a_j_jacobs][依照圣经指导原则生活的一年] - Unread result found
2025-04-18 18:50:02.485285: AJJacobs_2011P[a_j_雅各布斯][为什么健康的生活方式几乎把我害死] - Unread result found
2025-04-18 18:50:02.526000: AJJacobs_2014A[aj_雅各][世界最大的家族聚会_我们都被邀请了] - Unread result found
2025-04-18 18:50:02.759536: AJJacobs_2018S[亚克柏斯][我踏上了一段旅程_去感谢让我早上能喝到一杯咖啡的人] - Unread result found
2025-04-18 18:50:02.839149: AkashManoj_2018Y[安喀什_曼诺][能够检测隐性心脏病的救命设备] - Unread result found
2025-04-18 18:50:03.209668: AlaaMurabit_2015W[阿拉_穆拉比特][关于女性_伊斯兰教到底是怎样说的] - Unread result found
2025-04-18 18:50:03.263838: AlaindeBotton_2009G[阿兰_德波顿][温和的成功哲学] - Unread result found
2025-04-18 18:50:03.409192: AlaindeBotton_2011G[阿兰_德波顿][无神论_2_0] - Unread result found
2025-04-18 18:50:03.472736: AlanCrickmore_2018X[艾伦_柯里克摩尔][讲故事_如何协助监狱中的父母和他们的孩子连结] - Unread result found
2025-04-18 18:50:03.535371: AlanEustace_2015[艾伦_尤斯特斯][我是怎样穿越平流层的] - Unread result found
2025-04-18 18:50:03.722136: AlanKay_2007[艾伦_凯][非凡创见] - Unread result found
2025-04-18 18:50:03.738816: AlannaShaikh_2012G[阿兰娜_莎客][我如何准备老年痴呆的到来] - Unread result found
2025-04-18 18:50:03.851286: AlannaShaikh_2020X[阿兰娜_谢赫][我们为什么正遭受新冠病毒重击_以及应该如何为下个疾病爆发做准备] - Unread result found
2025-04-18 18:50:03.893029: AlanRussell_2006[艾伦_罗素][人体的再生] - Unread result found
2025-04-18 18:50:04.063292: AlanSiegel_2010[艾伦_西格尔][让我们一起来简化法律术语] - Unread result found
2025-04-18 18:50:04.098076: AlanSmith_2016X[亚伦_史密斯][为什么你会爱上统计] - Unread result found
2025-04-18 18:50:04.152743: AlasdairHarris_2019S[阿拉斯代尔_哈里斯][几个渔村如何引发海洋保护革命] - Unread result found
2025-04-18 18:50:04.229614: AlastairGray_2017S[艾尔拉斯塔_葛雷][仿冒手提包如何资助恐怖主义和组织性犯罪] - Unread result found
2025-04-18 18:50:04.266770: AlastairParvin_2013[阿拉斯泰尔_帕尔文][以人为本的建筑] - Unread result found
2025-04-18 18:50:04.391327: AlbertLaszloBarabasi_2019X[阿尔伯特_拉兹洛_巴拉巴斯][年纪和成功几率的真正联系] - Unread result found
2025-04-18 18:50:04.447833: AlbertoCairo_2011X[埃尔伯特_凯尔罗][人无残人] - Unread result found
2025-04-18 18:50:04.484502: AlecSoth_2015[alec_soth_+_stacey_baker][不朽的爱情是这样的] - Unread result found
2025-04-18 18:50:04.521324: AlejandroAlvarado_2016X[亚历杭德罗_桑切斯_阿尔瓦拉多][研究新物种_解决老问题] - Unread result found
2025-04-18 18:50:04.716686: AlejandroAravena_2014G[亚历山大_阿拉维那][我的建筑哲学_让社区参与设计过程] - Unread result found
2025-04-18 18:50:04.751339: AlejandroDuran_2019S[alejandro_durán][我如何用艺术应对海洋中的塑料污染] - Unread result found
2025-04-18 18:50:04.788626: AlessandraOrofino_2014G[亚历山德拉_奥罗菲诺][这是我们的城市_让我们来修复它] - Unread result found
2025-04-18 18:50:04.856130: AlessandroAcquisti_2013G[亚历山德罗_艾奎斯提][为什么个人隐私如此重要] - Unread result found
2025-04-18 18:50:05.118501: AlexaMeade_2013G[alexa_meade][你的身体即我的画布] - Unread result found
2025-04-18 18:50:05.466109: AlexanderBelcredi_2018S[亚历山大_贝尔克雷迪][一种被遗忘已久的病毒将如何帮我们解决抗生素危机] - Unread result found
2025-04-18 18:50:05.505298: AlexanderBetts_2016[埃里克斯兰大_贝兹][修复崩溃的难民处置体系的方法] - Unread result found
2025-04-18 18:50:05.536495: AlexanderTsiaras_2010P[亚历山大_席亚拉][自受孕至出生_可视化] - Unread result found
2025-04-18 18:50:05.935182: AlexanderWagner_2016X[亚历山大_华格纳][什么真正地激励人在企業里诚实行事] - Unread result found
2025-04-18 18:50:05.966640: AlexandraAuer_2019X[亚历山德拉_欧尔][一堵墙所带来的无形影响] - Unread result found
2025-04-18 18:50:06.208388: AlexandraSacks_2018S[亚历山大_赛克斯][以新的角度思考从女人到母亲的转变] - Unread result found
2025-04-18 18:50:06.347908: AlexEdmans_2017X[亚历克斯_爱德蒙斯][在后真相的世界里该相信什么] - Unread result found
2025-04-18 18:50:06.388278: AlexGendler_BurjKhalifa_2020E[艾力克斯詹德勒][世界上最高的摩天大楼是如何建造出来的] - Unread result found
2025-04-18 18:50:06.444008: AlexGendler_CiticorpTower_2020E[艾力克斯詹德勒][一个设计瑕疵差一点害一栋摩天大楼倒塌] - Unread result found
2025-04-18 18:50:06.638010: AlexGendler_FlightSpeed_2020E[艾力克斯詹德勒][为什么现在的飞机比以前慢] - Unread result found
2025-04-18 18:50:12.273049: AdongJudith_2017G[阿东_朱迪思][我如何用艺术来弥合误解] - Unread result found
2025-04-18 18:50:12.360030: AdoraSvitak_2010[邹奇奇][大人能从小孩身上学到什么] - Unread result found
2025-04-18 18:50:12.406088: AfraRaymond_2012X[阿法_雷蒙德][关于贪腐的三个迷思] - Unread result found
2025-04-18 18:50:12.515771: AgnesBinagwaho_2019W[艾格尼丝_比纳格瓦赫][女性是如何在卢旺达掀起革命的] - Unread result found
2025-04-18 18:50:12.566577: AimeeMullins_1998[艾米_穆林斯][谈跑步] - Unread result found
2025-04-18 18:50:12.613531: AimeeMullins_2009P[艾米_慕林斯][逆境带来机遇] - Unread result found
2025-04-18 18:50:12.648080: AimeeMullins_2009U[艾美_穆琳斯][艾美_穆琳斯和她的十二双义腿] - Unread result found
2025-04-18 18:50:12.779933: AjaMonetandPhillipAgnew_2018W[阿贾_莫奈&菲利普_阿格纽][爱情故事_当艺术作为组织本身时的魔力] - Unread result found
2025-04-18 18:50:12.869390: AjitNarayanan_2013[阿吉特_纳拉亚南][一个能用任何语言交流的文字游戏] - Unread result found
2025-04-18 18:50:13.715143: AJJacobsSTBI_2019V[a_j_雅各布][咖啡杯盖的进化史] - Unread result found
2025-04-18 18:50:13.950658: AJJacobs_2007P[a_j_jacobs][依照圣经指导原则生活的一年] - Unread result found
2025-04-18 18:50:13.990477: AJJacobs_2011P[a_j_雅各布斯][为什么健康的生活方式几乎把我害死] - Unread result found
2025-04-18 18:50:14.028439: AJJacobs_2014A[aj_雅各][世界最大的家族聚会_我们都被邀请了] - Unread result found
2025-04-18 18:50:14.202315: AJJacobs_2018S[亚克柏斯][我踏上了一段旅程_去感谢让我早上能喝到一杯咖啡的人] - Unread result found
2025-04-18 18:50:14.227558: AkashManoj_2018Y[安喀什_曼诺][能够检测隐性心脏病的救命设备] - Unread result found
2025-04-18 18:50:14.454260: AlaaMurabit_2015W[阿拉_穆拉比特][关于女性_伊斯兰教到底是怎样说的] - Unread result found
2025-04-18 18:50:14.528332: AlaindeBotton_2009G[阿兰_德波顿][温和的成功哲学] - Unread result found
2025-04-18 18:50:14.864957: AlaindeBotton_2011G[阿兰_德波顿][无神论_2_0] - Unread result found
2025-04-18 18:50:14.941266: AlanCrickmore_2018X[艾伦_柯里克摩尔][讲故事_如何协助监狱中的父母和他们的孩子连结] - Unread result found
2025-04-18 18:50:14.970220: AlanEustace_2015[艾伦_尤斯特斯][我是怎样穿越平流层的] - Unread result found
2025-04-18 18:50:15.046542: AlanKay_2007[艾伦_凯][非凡创见] - Unread result found
2025-04-18 18:50:15.389751: AlannaShaikh_2012G[阿兰娜_莎客][我如何准备老年痴呆的到来] - Unread result found
2025-04-18 18:50:15.545776: AlannaShaikh_2020X[阿兰娜_谢赫][我们为什么正遭受新冠病毒重击_以及应该如何为下个疾病爆发做准备] - Unread result found
2025-04-18 18:50:15.751206: AlanRussell_2006[艾伦_罗素][人体的再生] - Unread result found
2025-04-18 18:50:15.815552: AlanSiegel_2010[艾伦_西格尔][让我们一起来简化法律术语] - Unread result found
2025-04-18 18:50:15.983395: AlanSmith_2016X[亚伦_史密斯][为什么你会爱上统计] - Unread result found
2025-04-18 18:50:16.032246: AlasdairHarris_2019S[阿拉斯代尔_哈里斯][几个渔村如何引发海洋保护革命] - Unread result found
2025-04-18 18:50:16.120996: AlastairGray_2017S[艾尔拉斯塔_葛雷][仿冒手提包如何资助恐怖主义和组织性犯罪] - Unread result found
2025-04-18 18:50:16.222125: AlastairParvin_2013[阿拉斯泰尔_帕尔文][以人为本的建筑] - Unread result found
2025-04-18 18:50:16.256700: AlbertLaszloBarabasi_2019X[阿尔伯特_拉兹洛_巴拉巴斯][年纪和成功几率的真正联系] - Unread result found
2025-04-18 18:50:16.288329: AlbertoCairo_2011X[埃尔伯特_凯尔罗][人无残人] - Unread result found
2025-04-18 18:50:16.473075: AlecSoth_2015[alec_soth_+_stacey_baker][不朽的爱情是这样的] - Unread result found
2025-04-18 18:50:16.507647: AlejandroAlvarado_2016X[亚历杭德罗_桑切斯_阿尔瓦拉多][研究新物种_解决老问题] - Unread result found
2025-04-18 18:50:16.767966: AlejandroAravena_2014G[亚历山大_阿拉维那][我的建筑哲学_让社区参与设计过程] - Unread result found
2025-04-18 18:50:17.059580: AlejandroDuran_2019S[alejandro_durán][我如何用艺术应对海洋中的塑料污染] - Unread result found
2025-04-18 18:50:17.299730: AlessandraOrofino_2014G[亚历山德拉_奥罗菲诺][这是我们的城市_让我们来修复它] - Unread result found
2025-04-18 18:50:17.364013: AlessandroAcquisti_2013G[亚历山德罗_艾奎斯提][为什么个人隐私如此重要] - Unread result found
2025-04-18 18:50:17.396224: AlexaMeade_2013G[alexa_meade][你的身体即我的画布] - Unread result found
2025-04-18 18:50:17.429322: AlexanderBelcredi_2018S[亚历山大_贝尔克雷迪][一种被遗忘已久的病毒将如何帮我们解决抗生素危机] - Unread result found
2025-04-18 18:50:17.523927: AlexanderBetts_2016[埃里克斯兰大_贝兹][修复崩溃的难民处置体系的方法] - Unread result found
2025-04-18 18:50:17.582106: AlexanderTsiaras_2010P[亚历山大_席亚拉][自受孕至出生_可视化] - Unread result found
2025-04-18 18:50:17.672671: AlexanderWagner_2016X[亚历山大_华格纳][什么真正地激励人在企業里诚实行事] - Unread result found
2025-04-18 18:50:17.823466: AlexandraAuer_2019X[亚历山德拉_欧尔][一堵墙所带来的无形影响] - Unread result found
2025-04-18 18:50:17.857829: AlexandraSacks_2018S[亚历山大_赛克斯][以新的角度思考从女人到母亲的转变] - Unread result found
2025-04-18 18:50:17.899027: AlexEdmans_2017X[亚历克斯_爱德蒙斯][在后真相的世界里该相信什么] - Unread result found
2025-04-18 18:50:17.929202: AlexGendler_BurjKhalifa_2020E[艾力克斯詹德勒][世界上最高的摩天大楼是如何建造出来的] - Unread result found
2025-04-18 18:50:18.289781: AlexGendler_CiticorpTower_2020E[艾力克斯詹德勒][一个设计瑕疵差一点害一栋摩天大楼倒塌] - Unread result found
2025-04-18 18:50:18.353400: AlexGendler_FlightSpeed_2020E[艾力克斯詹德勒][为什么现在的飞机比以前慢] - Unread result found
2025-04-18 18:50:18.408237: AlexGendler_Sunspots_2021E[阿列克斯_詹德勒][凝视太阳的女人] - Unread result found
2025-04-18 18:50:23.473637: AdoraSvitak_2010[邹奇奇][大人能从小孩身上学到什么] - Unread result found
2025-04-18 18:50:23.518075: AfraRaymond_2012X[阿法_雷蒙德][关于贪腐的三个迷思] - Unread result found
2025-04-18 18:50:23.548361: AgnesBinagwaho_2019W[艾格尼丝_比纳格瓦赫][女性是如何在卢旺达掀起革命的] - Unread result found
2025-04-18 18:50:23.634935: AimeeMullins_1998[艾米_穆林斯][谈跑步] - Unread result found
2025-04-18 18:50:23.671060: AimeeMullins_2009P[艾米_慕林斯][逆境带来机遇] - Unread result found
2025-04-18 18:50:23.709320: AimeeMullins_2009U[艾美_穆琳斯][艾美_穆琳斯和她的十二双义腿] - Unread result found
2025-04-18 18:50:23.762112: AjaMonetandPhillipAgnew_2018W[阿贾_莫奈&菲利普_阿格纽][爱情故事_当艺术作为组织本身时的魔力] - Unread result found
2025-04-18 18:50:23.802031: AjitNarayanan_2013[阿吉特_纳拉亚南][一个能用任何语言交流的文字游戏] - Unread result found
2025-04-18 18:50:23.913918: AJJacobsSTBI_2019V[a_j_雅各布][咖啡杯盖的进化史] - Unread result found
2025-04-18 18:50:23.972723: AJJacobs_2007P[a_j_jacobs][依照圣经指导原则生活的一年] - Unread result found
2025-04-18 18:50:24.024475: AJJacobs_2011P[a_j_雅各布斯][为什么健康的生活方式几乎把我害死] - Unread result found
2025-04-18 18:50:24.060478: AJJacobs_2014A[aj_雅各][世界最大的家族聚会_我们都被邀请了] - Unread result found
2025-04-18 18:50:24.168345: AJJacobs_2018S[亚克柏斯][我踏上了一段旅程_去感谢让我早上能喝到一杯咖啡的人] - Unread result found
2025-04-18 18:50:24.405278: AkashManoj_2018Y[安喀什_曼诺][能够检测隐性心脏病的救命设备] - Unread result found
2025-04-18 18:50:24.531274: AlaaMurabit_2015W[阿拉_穆拉比特][关于女性_伊斯兰教到底是怎样说的] - Unread result found
2025-04-18 18:50:24.604497: AlaindeBotton_2009G[阿兰_德波顿][温和的成功哲学] - Unread result found
2025-04-18 18:50:24.642939: AlaindeBotton_2011G[阿兰_德波顿][无神论_2_0] - Unread result found
2025-04-18 18:50:24.675076: AlanCrickmore_2018X[艾伦_柯里克摩尔][讲故事_如何协助监狱中的父母和他们的孩子连结] - Unread result found
2025-04-18 18:50:24.803094: AlanEustace_2015[艾伦_尤斯特斯][我是怎样穿越平流层的] - Unread result found
2025-04-18 18:50:24.882426: AlanKay_2007[艾伦_凯][非凡创见] - Unread result found
2025-04-18 18:50:24.910949: AlannaShaikh_2012G[阿兰娜_莎客][我如何准备老年痴呆的到来] - Unread result found
2025-04-18 18:50:24.953441: AlannaShaikh_2020X[阿兰娜_谢赫][我们为什么正遭受新冠病毒重击_以及应该如何为下个疾病爆发做准备] - Unread result found
2025-04-18 18:50:25.064957: AlanRussell_2006[艾伦_罗素][人体的再生] - Unread result found
2025-04-18 18:50:25.116492: AlanSiegel_2010[艾伦_西格尔][让我们一起来简化法律术语] - Unread result found
2025-04-18 18:50:25.159709: AlanSmith_2016X[亚伦_史密斯][为什么你会爱上统计] - Unread result found
2025-04-18 18:50:25.192019: AlasdairHarris_2019S[阿拉斯代尔_哈里斯][几个渔村如何引发海洋保护革命] - Unread result found
2025-04-18 18:50:25.575514: AlastairGray_2017S[艾尔拉斯塔_葛雷][仿冒手提包如何资助恐怖主义和组织性犯罪] - Unread result found
2025-04-18 18:50:26.190392: AlastairParvin_2013[阿拉斯泰尔_帕尔文][以人为本的建筑] - Unread result found
2025-04-18 18:50:26.303107: AlbertLaszloBarabasi_2019X[阿尔伯特_拉兹洛_巴拉巴斯][年纪和成功几率的真正联系] - Unread result found
2025-04-18 18:50:26.482987: AlbertoCairo_2011X[埃尔伯特_凯尔罗][人无残人] - Unread result found
2025-04-18 18:50:26.545605: AlecSoth_2015[alec_soth_+_stacey_baker][不朽的爱情是这样的] - Unread result found
2025-04-18 18:50:26.697736: AlejandroAlvarado_2016X[亚历杭德罗_桑切斯_阿尔瓦拉多][研究新物种_解决老问题] - Unread result found
2025-04-18 18:50:26.927090: AlejandroAravena_2014G[亚历山大_阿拉维那][我的建筑哲学_让社区参与设计过程] - Unread result found
2025-04-18 18:50:27.038859: AlejandroDuran_2019S[alejandro_durán][我如何用艺术应对海洋中的塑料污染] - Unread result found
2025-04-18 18:50:27.134491: AlessandraOrofino_2014G[亚历山德拉_奥罗菲诺][这是我们的城市_让我们来修复它] - Unread result found
2025-04-18 18:50:27.306571: AlessandroAcquisti_2013G[亚历山德罗_艾奎斯提][为什么个人隐私如此重要] - Unread result found
2025-04-18 18:50:27.463540: AlexaMeade_2013G[alexa_meade][你的身体即我的画布] - Unread result found
2025-04-18 18:50:27.515295: AlexanderBelcredi_2018S[亚历山大_贝尔克雷迪][一种被遗忘已久的病毒将如何帮我们解决抗生素危机] - Unread result found
2025-04-18 18:50:27.781106: AlexanderBetts_2016[埃里克斯兰大_贝兹][修复崩溃的难民处置体系的方法] - Unread result found
2025-04-18 18:50:28.295802: AlexanderTsiaras_2010P[亚历山大_席亚拉][自受孕至出生_可视化] - Unread result found
2025-04-18 18:50:29.021991: AlexanderWagner_2016X[亚历山大_华格纳][什么真正地激励人在企業里诚实行事] - Unread result found
2025-04-18 18:50:29.222360: AlexandraAuer_2019X[亚历山德拉_欧尔][一堵墙所带来的无形影响] - Unread result found
2025-04-18 18:50:29.259368: AlexandraSacks_2018S[亚历山大_赛克斯][以新的角度思考从女人到母亲的转变] - Unread result found
2025-04-18 18:50:29.506200: AlexEdmans_2017X[亚历克斯_爱德蒙斯][在后真相的世界里该相信什么] - Unread result found
2025-04-18 18:50:29.577279: AlexGendler_BurjKhalifa_2020E[艾力克斯詹德勒][世界上最高的摩天大楼是如何建造出来的] - Unread result found
2025-04-18 18:50:29.705772: AlexGendler_CiticorpTower_2020E[艾力克斯詹德勒][一个设计瑕疵差一点害一栋摩天大楼倒塌] - Unread result found
2025-04-18 18:50:29.739693: AlexGendler_FlightSpeed_2020E[艾力克斯詹德勒][为什么现在的飞机比以前慢] - Unread result found
2025-04-18 18:50:29.790175: AlexGendler_Sunspots_2021E[阿列克斯_詹德勒][凝视太阳的女人] - Unread result found
2025-04-18 18:50:29.868027: AlexHonnold_2018[艾力克斯霍诺德][我如何不用绳索攀爬上三千英呎的垂直峭壁] - Unread result found
2025-04-18 18:50:34.987009: AfraRaymond_2012X[阿法_雷蒙德][关于贪腐的三个迷思] - Unread result found
2025-04-18 18:50:35.202809: AgnesBinagwaho_2019W[艾格尼丝_比纳格瓦赫][女性是如何在卢旺达掀起革命的] - Unread result found
2025-04-18 18:50:36.830098: AimeeMullins_1998[艾米_穆林斯][谈跑步] - Unread result found
2025-04-18 18:50:37.009093: AimeeMullins_2009P[艾米_慕林斯][逆境带来机遇] - Unread result found
2025-04-18 18:50:37.041201: AimeeMullins_2009U[艾美_穆琳斯][艾美_穆琳斯和她的十二双义腿] - Unread result found
2025-04-18 18:50:37.073809: AjaMonetandPhillipAgnew_2018W[阿贾_莫奈&菲利普_阿格纽][爱情故事_当艺术作为组织本身时的魔力] - Unread result found
2025-04-18 18:50:37.293771: AjitNarayanan_2013[阿吉特_纳拉亚南][一个能用任何语言交流的文字游戏] - Unread result found
2025-04-18 18:50:37.356629: AJJacobsSTBI_2019V[a_j_雅各布][咖啡杯盖的进化史] - Unread result found
2025-04-18 18:50:37.453537: AJJacobs_2007P[a_j_jacobs][依照圣经指导原则生活的一年] - Unread result found
2025-04-18 18:50:37.539113: AJJacobs_2011P[a_j_雅各布斯][为什么健康的生活方式几乎把我害死] - Unread result found
2025-04-18 18:50:37.663093: AJJacobs_2014A[aj_雅各][世界最大的家族聚会_我们都被邀请了] - Unread result found
