2025-04-01 17:43:40,884 - DEBUG - 
=== SQL DEBUG ===
2025-04-01 17:43:40,887 - DEBUG - Base query: 
            SELECT id, english_name, chinese_name, bio, year, pdf_url
            FROM speakers
            
            ORDER BY 
                CASE WHEN %s = 'english_name_asc' THEN english_name END ASC,
                CASE WHEN %s = 'english_name_desc' THEN english_name END DESC,
                CASE WHEN %s = 'year_asc' THEN year END ASC,
                CASE WHEN %s = 'year_desc' THEN year END DESC
        
2025-04-01 17:43:40,887 - DEBUG - Where clause: 
2025-04-01 17:43:40,887 - DEBUG - Params: []
2025-04-01 17:43:40,887 - DEBUG - Sort type: english_asc
2025-04-01 17:43:40,888 - DEBUG - Page: 1, Per page: 100
2025-04-01 17:43:41,061 - DEBUG - Full SQL with parameters:

            SELECT id, english_name, chinese_name, bio, year, pdf_url
            FROM speakers
            
            ORDER BY 
                CASE WHEN english_asc = 'english_name_asc' THEN english_name END ASC,
                CASE WHEN english_asc = 'english_name_desc' THEN english_name END DESC,
                CASE WHEN english_asc = 'year_asc' THEN year END ASC,
                CASE WHEN english_asc = 'year_desc' THEN year END DESC
         LIMIT 100 OFFSET 0
