2025-03-31 23:57:08,135 - DEBUG - 
=== SQL DEBUG ===
2025-03-31 23:57:08,138 - DEBUG - Base query: 
            SELECT id, english_name, chinese_name, bio, year, pdf_url
            FROM speakers
            WHERE year = %s
            ORDER BY 
                CASE WHEN %s = 'english_name_asc' THEN english_name END ASC,
                CASE WHEN %s = 'english_name_desc' THEN english_name END DESC,
                CASE WHEN %s = 'year_asc' THEN year END ASC,
                CASE WHEN %s = 'year_desc' THEN year END DESC
        
2025-03-31 23:57:08,139 - DEBUG - Where clause: WHERE year = %s
2025-03-31 23:57:08,140 - DEBUG - Params: ['2010']
2025-03-31 23:57:08,140 - DEBUG - Sort type: english_asc
2025-03-31 23:57:08,141 - DEBUG - Page: 2, Per page: 100
2025-03-31 23:57:11,849 - DEBUG - 
=== SQL DEBUG ===
2025-03-31 23:57:11,853 - DEBUG - Base query: 
            SELECT id, english_name, chinese_name, bio, year, pdf_url
            FROM speakers
            WHERE year = %s
            ORDER BY 
                CASE WHEN %s = 'english_name_asc' THEN english_name END ASC,
                CASE WHEN %s = 'english_name_desc' THEN english_name END DESC,
                CASE WHEN %s = 'year_asc' THEN year END ASC,
                CASE WHEN %s = 'year_desc' THEN year END DESC
        
2025-03-31 23:57:11,854 - DEBUG - Where clause: WHERE year = %s
2025-03-31 23:57:11,857 - DEBUG - Params: ['2010']
2025-03-31 23:57:11,858 - DEBUG - Sort type: english_asc
2025-03-31 23:57:11,859 - DEBUG - Page: 3, Per page: 100
