2025-04-01 00:11:40,649 - DEBUG - 
=== SQL DEBUG ===
2025-04-01 00:11:40,651 - DEBUG - Base query: 
            SELECT id, english_name, chinese_name, bio, year, pdf_url
            FROM speakers
            
            ORDER BY 
                CASE WHEN %s = 'english_name_asc' THEN english_name END ASC,
                CASE WHEN %s = 'english_name_desc' THEN english_name END DESC,
                CASE WHEN %s = 'year_asc' THEN year END ASC,
                CASE WHEN %s = 'year_desc' THEN year END DESC
        
2025-04-01 00:11:40,651 - DEBUG - Where clause: 
2025-04-01 00:11:40,651 - DEBUG - Params: []
2025-04-01 00:11:40,653 - DEBUG - Sort type: english_asc
2025-04-01 00:11:40,653 - DEBUG - Page: 1, Per page: 100
2025-04-01 00:11:41,254 - DEBUG - Full SQL with parameters:

            SELECT id, english_name, chinese_name, bio, year, pdf_url
            FROM speakers
            
            ORDER BY 
                CASE WHEN english_asc = 'english_name_asc' THEN english_name END ASC,
                CASE WHEN english_asc = 'english_name_desc' THEN english_name END DESC,
                CASE WHEN english_asc = 'year_asc' THEN year END ASC,
                CASE WHEN english_asc = 'year_desc' THEN year END DESC
         LIMIT 100 OFFSET 0
2025-04-01 00:11:50,625 - DEBUG - 
=== SQL DEBUG ===
2025-04-01 00:11:50,627 - DEBUG - Base query: 
            SELECT id, english_name, chinese_name, bio, year, pdf_url
            FROM speakers
            WHERE year = %s
            ORDER BY 
                CASE WHEN %s = 'english_name_asc' THEN english_name END ASC,
                CASE WHEN %s = 'english_name_desc' THEN english_name END DESC,
                CASE WHEN %s = 'year_asc' THEN year END ASC,
                CASE WHEN %s = 'year_desc' THEN year END DESC
        
2025-04-01 00:11:50,628 - DEBUG - Where clause: WHERE year = %s
2025-04-01 00:11:50,628 - DEBUG - Params: ['2020']
2025-04-01 00:11:50,628 - DEBUG - Sort type: english_asc
2025-04-01 00:11:50,629 - DEBUG - Page: 1, Per page: 100
2025-04-01 00:11:50,866 - DEBUG - Full SQL with parameters:

            SELECT id, english_name, chinese_name, bio, year, pdf_url
            FROM speakers
            WHERE year = 2020
            ORDER BY 
                CASE WHEN english_asc = 'english_name_asc' THEN english_name END ASC,
                CASE WHEN english_asc = 'english_name_desc' THEN english_name END DESC,
                CASE WHEN english_asc = 'year_asc' THEN year END ASC,
                CASE WHEN english_asc = 'year_desc' THEN year END DESC
         LIMIT 100 OFFSET 0
2025-04-01 00:11:59,089 - DEBUG - 
=== SQL DEBUG ===
2025-04-01 00:11:59,091 - DEBUG - Base query: 
            SELECT id, english_name, chinese_name, bio, year, pdf_url
            FROM speakers
            WHERE english_name LIKE %s
            ORDER BY 
                CASE WHEN %s = 'english_name_asc' THEN english_name END ASC,
                CASE WHEN %s = 'english_name_desc' THEN english_name END DESC,
                CASE WHEN %s = 'year_asc' THEN year END ASC,
                CASE WHEN %s = 'year_desc' THEN year END DESC
        
2025-04-01 00:11:59,092 - DEBUG - Where clause: WHERE english_name LIKE %s
2025-04-01 00:11:59,093 - DEBUG - Params: ['%AalaElKhani%']
2025-04-01 00:11:59,093 - DEBUG - Sort type: english_asc
2025-04-01 00:11:59,093 - DEBUG - Page: 1, Per page: 100
2025-04-01 00:11:59,162 - DEBUG - Full SQL with parameters:

            SELECT id, english_name, chinese_name, bio, year, pdf_url
            FROM speakers
            WHERE english_name LIKE %AalaElKhani%
            ORDER BY 
                CASE WHEN english_asc = 'english_name_asc' THEN english_name END ASC,
                CASE WHEN english_asc = 'english_name_desc' THEN english_name END DESC,
                CASE WHEN english_asc = 'year_asc' THEN year END ASC,
                CASE WHEN english_asc = 'year_desc' THEN year END DESC
         LIMIT 100 OFFSET 0
2025-04-01 00:12:08,137 - DEBUG - 
=== SQL DEBUG ===
2025-04-01 00:12:08,139 - DEBUG - Base query: 
            SELECT id, english_name, chinese_name, bio, year, pdf_url
            FROM speakers
            WHERE bio LIKE %s
            ORDER BY 
                CASE WHEN %s = 'english_name_asc' THEN english_name END ASC,
                CASE WHEN %s = 'english_name_desc' THEN english_name END DESC,
                CASE WHEN %s = 'year_asc' THEN year END ASC,
                CASE WHEN %s = 'year_desc' THEN year END DESC
        
2025-04-01 00:12:08,140 - DEBUG - Where clause: WHERE bio LIKE %s
2025-04-01 00:12:08,141 - DEBUG - Params: ['%≈Æ–‘%']
2025-04-01 00:12:08,142 - DEBUG - Sort type: english_asc
2025-04-01 00:12:08,143 - DEBUG - Page: 1, Per page: 100
2025-04-01 00:12:08,221 - DEBUG - Full SQL with parameters:

            SELECT id, english_name, chinese_name, bio, year, pdf_url
            FROM speakers
            WHERE bio LIKE %≈Æ–‘%
            ORDER BY 
                CASE WHEN english_asc = 'english_name_asc' THEN english_name END ASC,
                CASE WHEN english_asc = 'english_name_desc' THEN english_name END DESC,
                CASE WHEN english_asc = 'year_asc' THEN year END ASC,
                CASE WHEN english_asc = 'year_desc' THEN year END DESC
         LIMIT 100 OFFSET 0
2025-04-01 00:12:19,630 - DEBUG - 
=== SQL DEBUG ===
2025-04-01 00:12:19,632 - DEBUG - Base query: 
            SELECT id, english_name, chinese_name, bio, year, pdf_url
            FROM speakers
            WHERE chinese_name LIKE %s
            ORDER BY 
                CASE WHEN %s = 'english_name_asc' THEN english_name END ASC,
                CASE WHEN %s = 'english_name_desc' THEN english_name END DESC,
                CASE WHEN %s = 'year_asc' THEN year END ASC,
                CASE WHEN %s = 'year_desc' THEN year END DESC
        
2025-04-01 00:12:19,633 - DEBUG - Where clause: WHERE chinese_name LIKE %s
2025-04-01 00:12:19,633 - DEBUG - Params: ['%∞¨∏Ò%']
2025-04-01 00:12:19,634 - DEBUG - Sort type: english_asc
2025-04-01 00:12:19,634 - DEBUG - Page: 1, Per page: 100
2025-04-01 00:12:19,674 - DEBUG - Full SQL with parameters:

            SELECT id, english_name, chinese_name, bio, year, pdf_url
            FROM speakers
            WHERE chinese_name LIKE %∞¨∏Ò%
            ORDER BY 
                CASE WHEN english_asc = 'english_name_asc' THEN english_name END ASC,
                CASE WHEN english_asc = 'english_name_desc' THEN english_name END DESC,
                CASE WHEN english_asc = 'year_asc' THEN year END ASC,
                CASE WHEN english_asc = 'year_desc' THEN year END DESC
         LIMIT 100 OFFSET 0
2025-04-01 00:12:36,690 - DEBUG - 
=== SQL DEBUG ===
2025-04-01 00:12:36,692 - DEBUG - Base query: 
            SELECT id, english_name, chinese_name, bio, year, pdf_url
            FROM speakers
            WHERE english_name LIKE %s
            ORDER BY 
                CASE WHEN %s = 'english_name_asc' THEN english_name END ASC,
                CASE WHEN %s = 'english_name_desc' THEN english_name END DESC,
                CASE WHEN %s = 'year_asc' THEN year END ASC,
                CASE WHEN %s = 'year_desc' THEN year END DESC
        
2025-04-01 00:12:36,692 - DEBUG - Where clause: WHERE english_name LIKE %s
2025-04-01 00:12:36,693 - DEBUG - Params: ['%NickHanauer%']
2025-04-01 00:12:36,693 - DEBUG - Sort type: english_asc
2025-04-01 00:12:36,694 - DEBUG - Page: 1, Per page: 100
2025-04-01 00:12:36,938 - DEBUG - Full SQL with parameters:

            SELECT id, english_name, chinese_name, bio, year, pdf_url
            FROM speakers
            WHERE english_name LIKE %NickHanauer%
            ORDER BY 
                CASE WHEN english_asc = 'english_name_asc' THEN english_name END ASC,
                CASE WHEN english_asc = 'english_name_desc' THEN english_name END DESC,
                CASE WHEN english_asc = 'year_asc' THEN year END ASC,
                CASE WHEN english_asc = 'year_desc' THEN year END DESC
         LIMIT 100 OFFSET 0
2025-04-01 17:11:25,152 - DEBUG - 
=== SQL DEBUG ===
2025-04-01 17:11:25,155 - DEBUG - Base query: 
            SELECT id, english_name, chinese_name, bio, year, pdf_url
            FROM speakers
            
            ORDER BY 
                CASE WHEN %s = 'english_name_asc' THEN english_name END ASC,
                CASE WHEN %s = 'english_name_desc' THEN english_name END DESC,
                CASE WHEN %s = 'year_asc' THEN year END ASC,
                CASE WHEN %s = 'year_desc' THEN year END DESC
        
2025-04-01 17:11:25,157 - DEBUG - Where clause: 
2025-04-01 17:11:25,157 - DEBUG - Params: []
2025-04-01 17:11:25,158 - DEBUG - Sort type: english_asc
2025-04-01 17:11:25,158 - DEBUG - Page: 1, Per page: 100
2025-04-01 17:11:27,185 - DEBUG - Full SQL with parameters:

            SELECT id, english_name, chinese_name, bio, year, pdf_url
            FROM speakers
            
            ORDER BY 
                CASE WHEN english_asc = 'english_name_asc' THEN english_name END ASC,
                CASE WHEN english_asc = 'english_name_desc' THEN english_name END DESC,
                CASE WHEN english_asc = 'year_asc' THEN year END ASC,
                CASE WHEN english_asc = 'year_desc' THEN year END DESC
         LIMIT 100 OFFSET 0
2025-04-01 17:11:44,112 - DEBUG - 
=== SQL DEBUG ===
2025-04-01 17:11:44,116 - DEBUG - Base query: 
            SELECT id, english_name, chinese_name, bio, year, pdf_url
            FROM speakers
            WHERE bio LIKE %s
            ORDER BY 
                CASE WHEN %s = 'english_name_asc' THEN english_name END ASC,
                CASE WHEN %s = 'english_name_desc' THEN english_name END DESC,
                CASE WHEN %s = 'year_asc' THEN year END ASC,
                CASE WHEN %s = 'year_desc' THEN year END DESC
        
2025-04-01 17:11:44,116 - DEBUG - Where clause: WHERE bio LIKE %s
2025-04-01 17:11:44,118 - DEBUG - Params: ['%À¿Õˆ%']
2025-04-01 17:11:44,119 - DEBUG - Sort type: english_asc
2025-04-01 17:11:44,119 - DEBUG - Page: 1, Per page: 100
2025-04-01 17:11:44,188 - DEBUG - Full SQL with parameters:

            SELECT id, english_name, chinese_name, bio, year, pdf_url
            FROM speakers
            WHERE bio LIKE %À¿Õˆ%
            ORDER BY 
                CASE WHEN english_asc = 'english_name_asc' THEN english_name END ASC,
                CASE WHEN english_asc = 'english_name_desc' THEN english_name END DESC,
                CASE WHEN english_asc = 'year_asc' THEN year END ASC,
                CASE WHEN english_asc = 'year_desc' THEN year END DESC
         LIMIT 100 OFFSET 0
2025-04-01 17:12:27,973 - DEBUG - 
=== SQL DEBUG ===
2025-04-01 17:12:27,976 - DEBUG - Base query: 
            SELECT id, english_name, chinese_name, bio, year, pdf_url
            FROM speakers
            WHERE chinese_name LIKE %s AND bio LIKE %s
            ORDER BY 
                CASE WHEN %s = 'english_name_asc' THEN english_name END ASC,
                CASE WHEN %s = 'english_name_desc' THEN english_name END DESC,
                CASE WHEN %s = 'year_asc' THEN year END ASC,
                CASE WHEN %s = 'year_desc' THEN year END DESC
        
2025-04-01 17:12:27,977 - DEBUG - Where clause: WHERE chinese_name LIKE %s AND bio LIKE %s
2025-04-01 17:12:27,978 - DEBUG - Params: ['%∞¨¿Ú…≠%', '%À¿Õˆ%']
2025-04-01 17:12:27,979 - DEBUG - Sort type: english_asc
2025-04-01 17:12:27,980 - DEBUG - Page: 1, Per page: 100
2025-04-01 17:12:28,049 - DEBUG - Full SQL with parameters:

            SELECT id, english_name, chinese_name, bio, year, pdf_url
            FROM speakers
            WHERE chinese_name LIKE %∞¨¿Ú…≠% AND bio LIKE %À¿Õˆ%
            ORDER BY 
                CASE WHEN english_asc = 'english_name_asc' THEN english_name END ASC,
                CASE WHEN english_asc = 'english_name_desc' THEN english_name END DESC,
                CASE WHEN english_asc = 'year_asc' THEN year END ASC,
                CASE WHEN english_asc = 'year_desc' THEN year END DESC
         LIMIT 100 OFFSET 0
2025-04-01 17:12:58,347 - DEBUG - 
=== SQL DEBUG ===
2025-04-01 17:12:58,349 - DEBUG - Base query: 
            SELECT id, english_name, chinese_name, bio, year, pdf_url
            FROM speakers
            
            ORDER BY 
                CASE WHEN %s = 'english_name_asc' THEN english_name END ASC,
                CASE WHEN %s = 'english_name_desc' THEN english_name END DESC,
                CASE WHEN %s = 'year_asc' THEN year END ASC,
                CASE WHEN %s = 'year_desc' THEN year END DESC
        
2025-04-01 17:12:58,351 - DEBUG - Where clause: 
2025-04-01 17:12:58,351 - DEBUG - Params: []
2025-04-01 17:12:58,353 - DEBUG - Sort type: english_asc
2025-04-01 17:12:58,354 - DEBUG - Page: 1, Per page: 100
2025-04-01 17:12:58,965 - DEBUG - Full SQL with parameters:

            SELECT id, english_name, chinese_name, bio, year, pdf_url
            FROM speakers
            
            ORDER BY 
                CASE WHEN english_asc = 'english_name_asc' THEN english_name END ASC,
                CASE WHEN english_asc = 'english_name_desc' THEN english_name END DESC,
                CASE WHEN english_asc = 'year_asc' THEN year END ASC,
                CASE WHEN english_asc = 'year_desc' THEN year END DESC
         LIMIT 100 OFFSET 0
