2025-03-31 23:54:40,959 - DEBUG - 
=== SQL DEBUG ===
2025-03-31 23:54:40,962 - DEBUG - Base query: 
            SELECT id, english_name, chinese_name, bio, year, pdf_url
            FROM speakers
            WHERE english_name LIKE %s
            ORDER BY 
                CASE WHEN %s = 'english_name_asc' THEN english_name END ASC,
                CASE WHEN %s = 'english_name_desc' THEN english_name END DESC,
                CASE WHEN %s = 'year_asc' THEN year END ASC,
                CASE WHEN %s = 'year_desc' THEN year END DESC
        
2025-03-31 23:54:40,963 - DEBUG - Where clause: WHERE english_name LIKE %s
2025-03-31 23:54:40,964 - DEBUG - Params: ['%AaronMorris%']
2025-03-31 23:54:40,965 - DEBUG - Sort type: english_asc
2025-03-31 23:54:40,965 - DEBUG - Page: 1, Per page: 100
2025-03-31 23:54:42,819 - DEBUG - 
=== SQL DEBUG ===
2025-03-31 23:54:42,822 - DEBUG - Base query: 
            SELECT id, english_name, chinese_name, bio, year, pdf_url
            FROM speakers
            WHERE english_name LIKE %s
            ORDER BY 
                CASE WHEN %s = 'english_name_asc' THEN english_name END ASC,
                CASE WHEN %s = 'english_name_desc' THEN english_name END DESC,
                CASE WHEN %s = 'year_asc' THEN year END ASC,
                CASE WHEN %s = 'year_desc' THEN year END DESC
        
2025-03-31 23:54:42,822 - DEBUG - Where clause: WHERE english_name LIKE %s
2025-03-31 23:54:42,824 - DEBUG - Params: ['%AaronOConnell%']
2025-03-31 23:54:42,824 - DEBUG - Sort type: english_asc
2025-03-31 23:54:42,825 - DEBUG - Page: 1, Per page: 100
2025-03-31 23:54:46,815 - DEBUG - 
=== SQL DEBUG ===
2025-03-31 23:54:46,818 - DEBUG - Base query: 
            SELECT id, english_name, chinese_name, bio, year, pdf_url
            FROM speakers
            WHERE english_name LIKE %s
            ORDER BY 
                CASE WHEN %s = 'english_name_asc' THEN english_name END ASC,
                CASE WHEN %s = 'english_name_desc' THEN english_name END DESC,
                CASE WHEN %s = 'year_asc' THEN year END ASC,
                CASE WHEN %s = 'year_desc' THEN year END DESC
        
2025-03-31 23:54:46,819 - DEBUG - Where clause: WHERE english_name LIKE %s
2025-03-31 23:54:46,820 - DEBUG - Params: ['%AaswathRaman%']
2025-03-31 23:54:46,821 - DEBUG - Sort type: english_asc
2025-03-31 23:54:46,822 - DEBUG - Page: 1, Per page: 100
2025-03-31 23:55:14,541 - DEBUG - 
=== SQL DEBUG ===
2025-03-31 23:55:14,544 - DEBUG - Base query: 
            SELECT id, english_name, chinese_name, bio, year, pdf_url
            FROM speakers
            WHERE bio LIKE %s
            ORDER BY 
                CASE WHEN %s = 'english_name_asc' THEN english_name END ASC,
                CASE WHEN %s = 'english_name_desc' THEN english_name END DESC,
                CASE WHEN %s = 'year_asc' THEN year END ASC,
                CASE WHEN %s = 'year_desc' THEN year END DESC
        
2025-03-31 23:55:14,546 - DEBUG - Where clause: WHERE bio LIKE %s
2025-03-31 23:55:14,547 - DEBUG - Params: ['%Å®ÐÔ%']
2025-03-31 23:55:14,548 - DEBUG - Sort type: english_asc
2025-03-31 23:55:14,548 - DEBUG - Page: 1, Per page: 100
2025-03-31 23:56:32,481 - DEBUG - 
=== SQL DEBUG ===
2025-03-31 23:56:32,484 - DEBUG - Base query: 
            SELECT id, english_name, chinese_name, bio, year, pdf_url
            FROM speakers
            
            ORDER BY 
                CASE WHEN %s = 'english_name_asc' THEN english_name END ASC,
                CASE WHEN %s = 'english_name_desc' THEN english_name END DESC,
                CASE WHEN %s = 'year_asc' THEN year END ASC,
                CASE WHEN %s = 'year_desc' THEN year END DESC
        
2025-03-31 23:56:32,485 - DEBUG - Where clause: 
2025-03-31 23:56:32,486 - DEBUG - Params: []
2025-03-31 23:56:32,487 - DEBUG - Sort type: english_asc
2025-03-31 23:56:32,488 - DEBUG - Page: 1, Per page: 100
2025-03-31 23:56:37,899 - DEBUG - 
=== SQL DEBUG ===
2025-03-31 23:56:37,903 - DEBUG - Base query: 
            SELECT id, english_name, chinese_name, bio, year, pdf_url
            FROM speakers
            WHERE chinese_name LIKE %s
            ORDER BY 
                CASE WHEN %s = 'english_name_asc' THEN english_name END ASC,
                CASE WHEN %s = 'english_name_desc' THEN english_name END DESC,
                CASE WHEN %s = 'year_asc' THEN year END ASC,
                CASE WHEN %s = 'year_desc' THEN year END DESC
        
2025-03-31 23:56:37,904 - DEBUG - Where clause: WHERE chinese_name LIKE %s
2025-03-31 23:56:37,906 - DEBUG - Params: ['%Å·Ë¹¿¨%']
2025-03-31 23:56:37,906 - DEBUG - Sort type: english_asc
2025-03-31 23:56:37,907 - DEBUG - Page: 1, Per page: 100
2025-03-31 23:56:57,758 - DEBUG - 
=== SQL DEBUG ===
2025-03-31 23:56:57,761 - DEBUG - Base query: 
            SELECT id, english_name, chinese_name, bio, year, pdf_url
            FROM speakers
            WHERE year = %s
            ORDER BY 
                CASE WHEN %s = 'english_name_asc' THEN english_name END ASC,
                CASE WHEN %s = 'english_name_desc' THEN english_name END DESC,
                CASE WHEN %s = 'year_asc' THEN year END ASC,
                CASE WHEN %s = 'year_desc' THEN year END DESC
        
2025-03-31 23:56:57,763 - DEBUG - Where clause: WHERE year = %s
2025-03-31 23:56:57,765 - DEBUG - Params: ['2000']
2025-03-31 23:56:57,766 - DEBUG - Sort type: english_asc
2025-03-31 23:56:57,767 - DEBUG - Page: 1, Per page: 100
2025-03-31 23:57:04,617 - DEBUG - 
=== SQL DEBUG ===
2025-03-31 23:57:04,620 - DEBUG - Base query: 
            SELECT id, english_name, chinese_name, bio, year, pdf_url
            FROM speakers
            WHERE year = %s
            ORDER BY 
                CASE WHEN %s = 'english_name_asc' THEN english_name END ASC,
                CASE WHEN %s = 'english_name_desc' THEN english_name END DESC,
                CASE WHEN %s = 'year_asc' THEN year END ASC,
                CASE WHEN %s = 'year_desc' THEN year END DESC
        
2025-03-31 23:57:04,621 - DEBUG - Where clause: WHERE year = %s
2025-03-31 23:57:04,623 - DEBUG - Params: ['2010']
2025-03-31 23:57:04,625 - DEBUG - Sort type: english_asc
2025-03-31 23:57:04,626 - DEBUG - Page: 1, Per page: 100
2025-03-31 23:57:08,135 - DEBUG - 
=== SQL DEBUG ===
2025-03-31 23:57:08,138 - DEBUG - Base query: 
            SELECT id, english_name, chinese_name, bio, year, pdf_url
            FROM speakers
            WHERE year = %s
            ORDER BY 
                CASE WHEN %s = 'english_name_asc' THEN english_name END ASC,
                CASE WHEN %s = 'english_name_desc' THEN english_name END DESC,
                CASE WHEN %s = 'year_asc' THEN year END ASC,
                CASE WHEN %s = 'year_desc' THEN year END DESC
        
2025-03-31 23:57:08,139 - DEBUG - Where clause: WHERE year = %s
2025-03-31 23:57:08,140 - DEBUG - Params: ['2010']
2025-03-31 23:57:08,140 - DEBUG - Sort type: english_asc
2025-03-31 23:57:08,141 - DEBUG - Page: 2, Per page: 100
2025-03-31 23:57:11,849 - DEBUG - 
=== SQL DEBUG ===
2025-03-31 23:57:11,853 - DEBUG - Base query: 
            SELECT id, english_name, chinese_name, bio, year, pdf_url
            FROM speakers
            WHERE year = %s
            ORDER BY 
                CASE WHEN %s = 'english_name_asc' THEN english_name END ASC,
                CASE WHEN %s = 'english_name_desc' THEN english_name END DESC,
                CASE WHEN %s = 'year_asc' THEN year END ASC,
                CASE WHEN %s = 'year_desc' THEN year END DESC
        
2025-03-31 23:57:11,854 - DEBUG - Where clause: WHERE year = %s
2025-03-31 23:57:11,857 - DEBUG - Params: ['2010']
2025-03-31 23:57:11,858 - DEBUG - Sort type: english_asc
2025-03-31 23:57:11,859 - DEBUG - Page: 3, Per page: 100
